15:10:52,835 DEBUG org.apache.commons.beanutils.converters.BooleanConverter - Setting default value: false
15:10:52,836 DEBUG org.apache.commons.beanutils.converters.BooleanConverter - Converting 'Boolean' value 'false' to type 'Boolean'
15:10:52,837 DEBUG org.apache.commons.beanutils.converters.BooleanConverter -     No conversion required, value is already a Boolean
15:10:52,840 DEBUG org.apache.commons.beanutils.converters.ByteConverter - Setting default value: 0
15:10:52,840 DEBUG org.apache.commons.beanutils.converters.ByteConverter - Converting 'Integer' value '0' to type 'Byte'
15:10:52,841 DEBUG org.apache.commons.beanutils.converters.ByteConverter -     Converted to Byte value '0'
15:10:52,841 DEBUG org.apache.commons.beanutils.converters.CharacterConverter - Setting default value:  
15:10:52,842 DEBUG org.apache.commons.beanutils.converters.CharacterConverter - Converting 'Character' value ' ' to type 'Character'
15:10:52,842 DEBUG org.apache.commons.beanutils.converters.CharacterConverter -     No conversion required, value is already a Character
15:10:52,843 DEBUG org.apache.commons.beanutils.converters.DoubleConverter - Setting default value: 0
15:10:52,843 DEBUG org.apache.commons.beanutils.converters.DoubleConverter - Converting 'Integer' value '0' to type 'Double'
15:10:52,845 DEBUG org.apache.commons.beanutils.converters.DoubleConverter -     Converted to Double value '0.0'
15:10:52,846 DEBUG org.apache.commons.beanutils.converters.FloatConverter - Setting default value: 0
15:10:52,846 DEBUG org.apache.commons.beanutils.converters.FloatConverter - Converting 'Integer' value '0' to type 'Float'
15:10:52,846 DEBUG org.apache.commons.beanutils.converters.FloatConverter -     Converted to Float value '0.0'
15:10:52,847 DEBUG org.apache.commons.beanutils.converters.IntegerConverter - Setting default value: 0
15:10:52,847 DEBUG org.apache.commons.beanutils.converters.IntegerConverter - Converting 'Integer' value '0' to type 'Integer'
15:10:52,847 DEBUG org.apache.commons.beanutils.converters.IntegerConverter -     No conversion required, value is already a Integer
15:10:52,848 DEBUG org.apache.commons.beanutils.converters.LongConverter - Setting default value: 0
15:10:52,848 DEBUG org.apache.commons.beanutils.converters.LongConverter - Converting 'Integer' value '0' to type 'Long'
15:10:52,849 DEBUG org.apache.commons.beanutils.converters.LongConverter -     Converted to Long value '0'
15:10:52,849 DEBUG org.apache.commons.beanutils.converters.ShortConverter - Setting default value: 0
15:10:52,849 DEBUG org.apache.commons.beanutils.converters.ShortConverter - Converting 'Integer' value '0' to type 'Short'
15:10:52,850 DEBUG org.apache.commons.beanutils.converters.ShortConverter -     Converted to Short value '0'
15:10:52,852 DEBUG org.apache.commons.beanutils.converters.BigDecimalConverter - Setting default value: 0.0
15:10:52,852 DEBUG org.apache.commons.beanutils.converters.BigDecimalConverter - Converting 'BigDecimal' value '0.0' to type 'BigDecimal'
15:10:52,852 DEBUG org.apache.commons.beanutils.converters.BigDecimalConverter -     No conversion required, value is already a BigDecimal
15:10:52,854 DEBUG org.apache.commons.beanutils.converters.BigIntegerConverter - Setting default value: 0
15:10:52,854 DEBUG org.apache.commons.beanutils.converters.BigIntegerConverter - Converting 'BigInteger' value '0' to type 'BigInteger'
15:10:52,854 DEBUG org.apache.commons.beanutils.converters.BigIntegerConverter -     No conversion required, value is already a BigInteger
15:10:52,854 DEBUG org.apache.commons.beanutils.converters.BooleanConverter - Setting default value: false
15:10:52,855 DEBUG org.apache.commons.beanutils.converters.BooleanConverter - Converting 'Boolean' value 'false' to type 'Boolean'
15:10:52,855 DEBUG org.apache.commons.beanutils.converters.BooleanConverter -     No conversion required, value is already a Boolean
15:10:52,855 DEBUG org.apache.commons.beanutils.converters.ByteConverter - Setting default value: 0
15:10:52,855 DEBUG org.apache.commons.beanutils.converters.ByteConverter - Converting 'Integer' value '0' to type 'Byte'
15:10:52,856 DEBUG org.apache.commons.beanutils.converters.ByteConverter -     Converted to Byte value '0'
15:10:52,856 DEBUG org.apache.commons.beanutils.converters.CharacterConverter - Setting default value:  
15:10:52,856 DEBUG org.apache.commons.beanutils.converters.CharacterConverter - Converting 'Character' value ' ' to type 'Character'
15:10:52,856 DEBUG org.apache.commons.beanutils.converters.CharacterConverter -     No conversion required, value is already a Character
15:10:52,857 DEBUG org.apache.commons.beanutils.converters.DoubleConverter - Setting default value: 0
15:10:52,857 DEBUG org.apache.commons.beanutils.converters.DoubleConverter - Converting 'Integer' value '0' to type 'Double'
15:10:52,857 DEBUG org.apache.commons.beanutils.converters.DoubleConverter -     Converted to Double value '0.0'
15:10:52,857 DEBUG org.apache.commons.beanutils.converters.FloatConverter - Setting default value: 0
15:10:52,858 DEBUG org.apache.commons.beanutils.converters.FloatConverter - Converting 'Integer' value '0' to type 'Float'
15:10:52,858 DEBUG org.apache.commons.beanutils.converters.FloatConverter -     Converted to Float value '0.0'
15:10:52,858 DEBUG org.apache.commons.beanutils.converters.IntegerConverter - Setting default value: 0
15:10:52,858 DEBUG org.apache.commons.beanutils.converters.IntegerConverter - Converting 'Integer' value '0' to type 'Integer'
15:10:52,858 DEBUG org.apache.commons.beanutils.converters.IntegerConverter -     No conversion required, value is already a Integer
15:10:52,859 DEBUG org.apache.commons.beanutils.converters.LongConverter - Setting default value: 0
15:10:52,859 DEBUG org.apache.commons.beanutils.converters.LongConverter - Converting 'Integer' value '0' to type 'Long'
15:10:52,859 DEBUG org.apache.commons.beanutils.converters.LongConverter -     Converted to Long value '0'
15:10:52,859 DEBUG org.apache.commons.beanutils.converters.ShortConverter - Setting default value: 0
15:10:52,860 DEBUG org.apache.commons.beanutils.converters.ShortConverter - Converting 'Integer' value '0' to type 'Short'
15:10:52,860 DEBUG org.apache.commons.beanutils.converters.ShortConverter -     Converted to Short value '0'
15:10:52,861 DEBUG org.apache.commons.beanutils.converters.StringConverter - Setting default value: 
15:10:52,861 DEBUG org.apache.commons.beanutils.converters.StringConverter - Converting 'String' value '' to type 'String'
15:10:52,868 DEBUG org.apache.commons.beanutils.converters.ArrayConverter - Setting default value: [Z@1e7c7811
15:10:52,869 DEBUG org.apache.commons.beanutils.converters.ArrayConverter - Converting 'boolean[]' value '[Z@1e7c7811' to type 'boolean[]'
15:10:52,869 DEBUG org.apache.commons.beanutils.converters.ArrayConverter -     No conversion required, value is already a boolean[]
15:10:52,870 DEBUG org.apache.commons.beanutils.converters.ArrayConverter - Setting default value: [B@77ec78b9
15:10:52,870 DEBUG org.apache.commons.beanutils.converters.ArrayConverter - Converting 'byte[]' value '[B@77ec78b9' to type 'byte[]'
15:10:52,870 DEBUG org.apache.commons.beanutils.converters.ArrayConverter -     No conversion required, value is already a byte[]
15:10:52,871 DEBUG org.apache.commons.beanutils.converters.ArrayConverter - Setting default value: [C@1a3869f4
15:10:52,871 DEBUG org.apache.commons.beanutils.converters.ArrayConverter - Converting 'char[]' value '[C@1a3869f4' to type 'char[]'
15:10:52,871 DEBUG org.apache.commons.beanutils.converters.ArrayConverter -     No conversion required, value is already a char[]
15:10:52,871 DEBUG org.apache.commons.beanutils.converters.ArrayConverter - Setting default value: [D@a38d7a3
15:10:52,872 DEBUG org.apache.commons.beanutils.converters.ArrayConverter - Converting 'double[]' value '[D@a38d7a3' to type 'double[]'
15:10:52,872 DEBUG org.apache.commons.beanutils.converters.ArrayConverter -     No conversion required, value is already a double[]
15:10:52,872 DEBUG org.apache.commons.beanutils.converters.ArrayConverter - Setting default value: [F@77f99a05
15:10:52,873 DEBUG org.apache.commons.beanutils.converters.ArrayConverter - Converting 'float[]' value '[F@77f99a05' to type 'float[]'
15:10:52,873 DEBUG org.apache.commons.beanutils.converters.ArrayConverter -     No conversion required, value is already a float[]
15:10:52,874 DEBUG org.apache.commons.beanutils.converters.ArrayConverter - Setting default value: [I@63440df3
15:10:52,874 DEBUG org.apache.commons.beanutils.converters.ArrayConverter - Converting 'int[]' value '[I@63440df3' to type 'int[]'
15:10:52,874 DEBUG org.apache.commons.beanutils.converters.ArrayConverter -     No conversion required, value is already a int[]
15:10:52,875 DEBUG org.apache.commons.beanutils.converters.ArrayConverter - Setting default value: [J@3aeaafa6
15:10:52,875 DEBUG org.apache.commons.beanutils.converters.ArrayConverter - Converting 'long[]' value '[J@3aeaafa6' to type 'long[]'
15:10:52,875 DEBUG org.apache.commons.beanutils.converters.ArrayConverter -     No conversion required, value is already a long[]
15:10:52,875 DEBUG org.apache.commons.beanutils.converters.ArrayConverter - Setting default value: [S@76a3e297
15:10:52,876 DEBUG org.apache.commons.beanutils.converters.ArrayConverter - Converting 'short[]' value '[S@76a3e297' to type 'short[]'
15:10:52,876 DEBUG org.apache.commons.beanutils.converters.ArrayConverter -     No conversion required, value is already a short[]
15:10:52,876 DEBUG org.apache.commons.beanutils.converters.ArrayConverter - Setting default value: [Ljava.math.BigDecimal;@4d3167f4
15:10:52,876 DEBUG org.apache.commons.beanutils.converters.ArrayConverter - Converting 'BigDecimal[]' value '[Ljava.math.BigDecimal;@4d3167f4' to type 'BigDecimal[]'
15:10:52,876 DEBUG org.apache.commons.beanutils.converters.ArrayConverter -     No conversion required, value is already a BigDecimal[]
15:10:52,877 DEBUG org.apache.commons.beanutils.converters.ArrayConverter - Setting default value: [Ljava.math.BigInteger;@6121c9d6
15:10:52,877 DEBUG org.apache.commons.beanutils.converters.ArrayConverter - Converting 'BigInteger[]' value '[Ljava.math.BigInteger;@6121c9d6' to type 'BigInteger[]'
15:10:52,877 DEBUG org.apache.commons.beanutils.converters.ArrayConverter -     No conversion required, value is already a BigInteger[]
15:10:52,877 DEBUG org.apache.commons.beanutils.converters.ArrayConverter - Setting default value: [Ljava.lang.Boolean;@4eb7f003
15:10:52,878 DEBUG org.apache.commons.beanutils.converters.ArrayConverter - Converting 'Boolean[]' value '[Ljava.lang.Boolean;@4eb7f003' to type 'Boolean[]'
15:10:52,878 DEBUG org.apache.commons.beanutils.converters.ArrayConverter -     No conversion required, value is already a Boolean[]
15:10:52,878 DEBUG org.apache.commons.beanutils.converters.ArrayConverter - Setting default value: [Ljava.lang.Byte;@612fc6eb
15:10:52,878 DEBUG org.apache.commons.beanutils.converters.ArrayConverter - Converting 'Byte[]' value '[Ljava.lang.Byte;@612fc6eb' to type 'Byte[]'
15:10:52,879 DEBUG org.apache.commons.beanutils.converters.ArrayConverter -     No conversion required, value is already a Byte[]
15:10:52,879 DEBUG org.apache.commons.beanutils.converters.ArrayConverter - Setting default value: [Ljava.lang.Character;@1060b431
15:10:52,879 DEBUG org.apache.commons.beanutils.converters.ArrayConverter - Converting 'Character[]' value '[Ljava.lang.Character;@1060b431' to type 'Character[]'
15:10:52,880 DEBUG org.apache.commons.beanutils.converters.ArrayConverter -     No conversion required, value is already a Character[]
15:10:52,880 DEBUG org.apache.commons.beanutils.converters.ArrayConverter - Setting default value: [Ljava.lang.Double;@612679d6
15:10:52,880 DEBUG org.apache.commons.beanutils.converters.ArrayConverter - Converting 'Double[]' value '[Ljava.lang.Double;@612679d6' to type 'Double[]'
15:10:52,880 DEBUG org.apache.commons.beanutils.converters.ArrayConverter -     No conversion required, value is already a Double[]
15:10:52,880 DEBUG org.apache.commons.beanutils.converters.ArrayConverter - Setting default value: [Ljava.lang.Float;@e720b71
15:10:52,881 DEBUG org.apache.commons.beanutils.converters.ArrayConverter - Converting 'Float[]' value '[Ljava.lang.Float;@e720b71' to type 'Float[]'
15:10:52,881 DEBUG org.apache.commons.beanutils.converters.ArrayConverter -     No conversion required, value is already a Float[]
15:10:52,881 DEBUG org.apache.commons.beanutils.converters.ArrayConverter - Setting default value: [Ljava.lang.Integer;@491cc5c9
15:10:52,881 DEBUG org.apache.commons.beanutils.converters.ArrayConverter - Converting 'Integer[]' value '[Ljava.lang.Integer;@491cc5c9' to type 'Integer[]'
15:10:52,882 DEBUG org.apache.commons.beanutils.converters.ArrayConverter -     No conversion required, value is already a Integer[]
15:10:52,882 DEBUG org.apache.commons.beanutils.converters.ArrayConverter - Setting default value: [Ljava.lang.Long;@74ad1f1f
15:10:52,882 DEBUG org.apache.commons.beanutils.converters.ArrayConverter - Converting 'Long[]' value '[Ljava.lang.Long;@74ad1f1f' to type 'Long[]'
15:10:52,882 DEBUG org.apache.commons.beanutils.converters.ArrayConverter -     No conversion required, value is already a Long[]
15:10:52,882 DEBUG org.apache.commons.beanutils.converters.ArrayConverter - Setting default value: [Ljava.lang.Short;@6a1aab78
15:10:52,883 DEBUG org.apache.commons.beanutils.converters.ArrayConverter - Converting 'Short[]' value '[Ljava.lang.Short;@6a1aab78' to type 'Short[]'
15:10:52,883 DEBUG org.apache.commons.beanutils.converters.ArrayConverter -     No conversion required, value is already a Short[]
15:10:52,883 DEBUG org.apache.commons.beanutils.converters.ArrayConverter - Setting default value: [Ljava.lang.String;@462d5aee
15:10:52,883 DEBUG org.apache.commons.beanutils.converters.ArrayConverter - Converting 'String[]' value '[Ljava.lang.String;@462d5aee' to type 'String[]'
15:10:52,884 DEBUG org.apache.commons.beanutils.converters.ArrayConverter -     No conversion required, value is already a String[]
15:10:52,884 DEBUG org.apache.commons.beanutils.converters.ArrayConverter - Setting default value: [Ljava.lang.Class;@69b0fd6f
15:10:52,884 DEBUG org.apache.commons.beanutils.converters.ArrayConverter - Converting 'Class[]' value '[Ljava.lang.Class;@69b0fd6f' to type 'Class[]'
15:10:52,884 DEBUG org.apache.commons.beanutils.converters.ArrayConverter -     No conversion required, value is already a Class[]
15:10:52,884 DEBUG org.apache.commons.beanutils.converters.ArrayConverter - Setting default value: [Ljava.util.Date;@757942a1
15:10:52,885 DEBUG org.apache.commons.beanutils.converters.ArrayConverter - Converting 'Date[]' value '[Ljava.util.Date;@757942a1' to type 'Date[]'
15:10:52,885 DEBUG org.apache.commons.beanutils.converters.ArrayConverter -     No conversion required, value is already a Date[]
15:10:52,885 DEBUG org.apache.commons.beanutils.converters.ArrayConverter - Setting default value: [Ljava.util.Calendar;@66d1af89
15:10:52,885 DEBUG org.apache.commons.beanutils.converters.ArrayConverter - Converting 'Calendar[]' value '[Ljava.util.Calendar;@66d1af89' to type 'Calendar[]'
15:10:52,886 DEBUG org.apache.commons.beanutils.converters.ArrayConverter -     No conversion required, value is already a Calendar[]
15:10:52,886 DEBUG org.apache.commons.beanutils.converters.ArrayConverter - Setting default value: [Ljava.io.File;@37374a5e
15:10:52,886 DEBUG org.apache.commons.beanutils.converters.ArrayConverter - Converting 'java.io.File[]' value '[Ljava.io.File;@37374a5e' to type 'java.io.File[]'
15:10:52,886 DEBUG org.apache.commons.beanutils.converters.ArrayConverter -     No conversion required, value is already a java.io.File[]
15:10:52,886 DEBUG org.apache.commons.beanutils.converters.ArrayConverter - Setting default value: [Ljava.sql.Date;@2db7a79b
15:10:52,887 DEBUG org.apache.commons.beanutils.converters.ArrayConverter - Converting 'java.sql.Date[]' value '[Ljava.sql.Date;@2db7a79b' to type 'java.sql.Date[]'
15:10:52,887 DEBUG org.apache.commons.beanutils.converters.ArrayConverter -     No conversion required, value is already a java.sql.Date[]
15:10:52,887 DEBUG org.apache.commons.beanutils.converters.ArrayConverter - Setting default value: [Ljava.sql.Time;@b7dd107
15:10:52,888 DEBUG org.apache.commons.beanutils.converters.ArrayConverter - Converting 'java.sql.Time[]' value '[Ljava.sql.Time;@b7dd107' to type 'java.sql.Time[]'
15:10:52,888 DEBUG org.apache.commons.beanutils.converters.ArrayConverter -     No conversion required, value is already a java.sql.Time[]
15:10:52,888 DEBUG org.apache.commons.beanutils.converters.ArrayConverter - Setting default value: [Ljava.sql.Timestamp;@52f759d7
15:10:52,888 DEBUG org.apache.commons.beanutils.converters.ArrayConverter - Converting 'java.sql.Timestamp[]' value '[Ljava.sql.Timestamp;@52f759d7' to type 'java.sql.Timestamp[]'
15:10:52,889 DEBUG org.apache.commons.beanutils.converters.ArrayConverter -     No conversion required, value is already a java.sql.Timestamp[]
15:10:52,889 DEBUG org.apache.commons.beanutils.converters.ArrayConverter - Setting default value: [Ljava.net.URL;@192d3247
15:10:52,889 DEBUG org.apache.commons.beanutils.converters.ArrayConverter - Converting 'java.net.URL[]' value '[Ljava.net.URL;@192d3247' to type 'java.net.URL[]'
15:10:52,889 DEBUG org.apache.commons.beanutils.converters.ArrayConverter -     No conversion required, value is already a java.net.URL[]
15:10:52,912 DEBUG org.apache.commons.configuration2.io.FileLocatorUtils - Loading configuration from the context classpath (configurations/SBX.Poly.most.discrete)
15:11:15,047 DEBUG org.apache.commons.configuration2.io.FileLocatorUtils - Loading configuration from the context classpath (configurations/SBX.Poly.most.discrete)
15:11:36,119 DEBUG org.apache.commons.configuration2.io.FileLocatorUtils - Loading configuration from the context classpath (configurations/SBX.Poly.most.discrete)
15:11:55,465 DEBUG org.apache.commons.configuration2.io.FileLocatorUtils - Loading configuration from the context classpath (configurations/SBX.Poly.most.discrete)
15:12:00,742 DEBUG org.apache.commons.configuration2.io.FileLocatorUtils - Loading configuration from the context classpath (configurations/SBX.Poly.most.discrete)
15:12:05,945 DEBUG org.apache.commons.configuration2.io.FileLocatorUtils - Loading configuration from the context classpath (configurations/SBX.Poly.most.discrete)
15:12:11,303 DEBUG org.apache.commons.configuration2.io.FileLocatorUtils - Loading configuration from the context classpath (configurations/SBX.Poly.most.discrete)
15:12:19,924 DEBUG org.apache.commons.configuration2.io.FileLocatorUtils - Loading configuration from the context classpath (configurations/SBX.Poly.most.discrete)
15:12:28,266 DEBUG org.apache.commons.configuration2.io.FileLocatorUtils - Loading configuration from the context classpath (configurations/SBX.Poly.most.discrete)
15:12:37,176 DEBUG org.apache.commons.configuration2.io.FileLocatorUtils - Loading configuration from the context classpath (configurations/SBX.Poly.most.discrete)
15:12:37,701 DEBUG org.apache.commons.configuration2.io.FileLocatorUtils - Loading configuration from the context classpath (configurations/SBX.Poly.most.discrete)
15:12:37,922 DEBUG org.apache.commons.configuration2.io.FileLocatorUtils - Loading configuration from the context classpath (configurations/SBX.Poly.most.discrete)
15:12:38,286 DEBUG org.apache.commons.configuration2.io.FileLocatorUtils - Loading configuration from the context classpath (configurations/SBX.Poly.most.discrete)
15:12:38,726 DEBUG org.apache.commons.configuration2.io.FileLocatorUtils - Loading configuration from the context classpath (configurations/SBX.Poly.most.discrete)
15:12:39,041 DEBUG org.apache.commons.configuration2.io.FileLocatorUtils - Loading configuration from the context classpath (configurations/SBX.Poly.most.discrete)
15:12:39,404 DEBUG org.apache.commons.configuration2.io.FileLocatorUtils - Loading configuration from the context classpath (configurations/SBX.Poly.most.discrete)
15:12:39,604 DEBUG org.apache.commons.configuration2.io.FileLocatorUtils - Loading configuration from the context classpath (configurations/SBX.Poly.most.discrete)
15:12:39,983 DEBUG org.apache.commons.configuration2.io.FileLocatorUtils - Loading configuration from the context classpath (configurations/SBX.Poly.most.discrete)
15:12:40,347 DEBUG org.apache.commons.configuration2.io.FileLocatorUtils - Loading configuration from the context classpath (configurations/SBX.Poly.most.discrete)
15:12:40,755 DEBUG org.apache.commons.configuration2.io.FileLocatorUtils - Loading configuration from the context classpath (configurations/SBX.Poly.most.discrete)
15:12:41,169 DEBUG org.apache.commons.configuration2.io.FileLocatorUtils - Loading configuration from the context classpath (configurations/SBX.Poly.most.discrete)
15:12:41,568 DEBUG org.apache.commons.configuration2.io.FileLocatorUtils - Loading configuration from the context classpath (configurations/SBX.Poly.most.discrete)
15:12:41,958 DEBUG org.apache.commons.configuration2.io.FileLocatorUtils - Loading configuration from the context classpath (configurations/SBX.Poly.most.discrete)
15:12:42,145 DEBUG org.apache.commons.configuration2.io.FileLocatorUtils - Loading configuration from the context classpath (configurations/SBX.Poly.most.discrete)
15:12:42,508 DEBUG org.apache.commons.configuration2.io.FileLocatorUtils - Loading configuration from the context classpath (configurations/SBX.Poly.most.discrete)
15:12:42,931 DEBUG org.apache.commons.configuration2.io.FileLocatorUtils - Loading configuration from the context classpath (configurations/SBX.Poly.most.discrete)
15:12:43,273 DEBUG org.apache.commons.configuration2.io.FileLocatorUtils - Loading configuration from the context classpath (configurations/SBX.Poly.most.discrete)
15:12:43,461 DEBUG org.apache.commons.configuration2.io.FileLocatorUtils - Loading configuration from the context classpath (configurations/SBX.Poly.most.discrete)
15:12:43,921 DEBUG org.apache.commons.configuration2.io.FileLocatorUtils - Loading configuration from the context classpath (configurations/SBX.Poly.most.discrete)
15:12:44,300 DEBUG org.apache.commons.configuration2.io.FileLocatorUtils - Loading configuration from the context classpath (configurations/SBX.Poly.most.discrete)
15:12:44,686 DEBUG org.apache.commons.configuration2.io.FileLocatorUtils - Loading configuration from the context classpath (configurations/SBX.Poly.most.discrete)
15:12:44,884 DEBUG org.apache.commons.configuration2.io.FileLocatorUtils - Loading configuration from the context classpath (configurations/SBX.Poly.most.discrete)
15:12:45,272 DEBUG org.apache.commons.configuration2.io.FileLocatorUtils - Loading configuration from the context classpath (configurations/SBX.Poly.most.discrete)
15:12:45,655 DEBUG org.apache.commons.configuration2.io.FileLocatorUtils - Loading configuration from the context classpath (configurations/SBX.Poly.most.discrete)
15:12:46,084 DEBUG org.apache.commons.configuration2.io.FileLocatorUtils - Loading configuration from the context classpath (configurations/SBX.Poly.most.discrete)
15:12:46,573 DEBUG org.apache.commons.configuration2.io.FileLocatorUtils - Loading configuration from the context classpath (configurations/SBX.Poly.most.discrete)
15:12:46,891 DEBUG org.apache.commons.configuration2.io.FileLocatorUtils - Loading configuration from the context classpath (configurations/SBX.Poly.most.discrete)
15:12:47,385 DEBUG org.apache.commons.configuration2.io.FileLocatorUtils - Loading configuration from the context classpath (configurations/SBX.Poly.most.discrete)
15:12:47,606 DEBUG org.apache.commons.configuration2.io.FileLocatorUtils - Loading configuration from the context classpath (configurations/SBX.Poly.most.discrete)
15:12:48,085 DEBUG org.apache.commons.configuration2.io.FileLocatorUtils - Loading configuration from the context classpath (configurations/SBX.Poly.most.discrete)
15:12:48,307 DEBUG org.apache.commons.configuration2.io.FileLocatorUtils - Loading configuration from the context classpath (configurations/SBX.Poly.most.discrete)
15:12:48,682 DEBUG org.apache.commons.configuration2.io.FileLocatorUtils - Loading configuration from the context classpath (configurations/SBX.Poly.most.discrete)
15:12:49,134 DEBUG org.apache.commons.configuration2.io.FileLocatorUtils - Loading configuration from the context classpath (configurations/SBX.Poly.most.discrete)
15:12:49,333 DEBUG org.apache.commons.configuration2.io.FileLocatorUtils - Loading configuration from the context classpath (configurations/SBX.Poly.most.discrete)
15:12:49,537 DEBUG org.apache.commons.configuration2.io.FileLocatorUtils - Loading configuration from the context classpath (configurations/SBX.Poly.most.discrete)
15:12:49,975 DEBUG org.apache.commons.configuration2.io.FileLocatorUtils - Loading configuration from the context classpath (configurations/SBX.Poly.most.discrete)
15:12:50,418 DEBUG org.apache.commons.configuration2.io.FileLocatorUtils - Loading configuration from the context classpath (configurations/SBX.Poly.most.discrete)
15:12:50,852 DEBUG org.apache.commons.configuration2.io.FileLocatorUtils - Loading configuration from the context classpath (configurations/SBX.Poly.most.discrete)
15:12:51,047 DEBUG org.apache.commons.configuration2.io.FileLocatorUtils - Loading configuration from the context classpath (configurations/SBX.Poly.most.discrete)
15:12:51,243 DEBUG org.apache.commons.configuration2.io.FileLocatorUtils - Loading configuration from the context classpath (configurations/SBX.Poly.most.discrete)
15:12:51,444 DEBUG org.apache.commons.configuration2.io.FileLocatorUtils - Loading configuration from the context classpath (configurations/SBX.Poly.most.discrete)
15:12:51,644 DEBUG org.apache.commons.configuration2.io.FileLocatorUtils - Loading configuration from the context classpath (configurations/SBX.Poly.most.discrete)
15:12:52,044 DEBUG org.apache.commons.configuration2.io.FileLocatorUtils - Loading configuration from the context classpath (configurations/SBX.Poly.most.discrete)
15:12:52,436 DEBUG org.apache.commons.configuration2.io.FileLocatorUtils - Loading configuration from the context classpath (configurations/SBX.Poly.most.discrete)
15:12:52,877 DEBUG org.apache.commons.configuration2.io.FileLocatorUtils - Loading configuration from the context classpath (configurations/SBX.Poly.most.discrete)
15:12:53,072 DEBUG org.apache.commons.configuration2.io.FileLocatorUtils - Loading configuration from the context classpath (configurations/SBX.Poly.most.discrete)
15:12:53,545 DEBUG org.apache.commons.configuration2.io.FileLocatorUtils - Loading configuration from the context classpath (configurations/SBX.Poly.most.discrete)
15:12:53,957 DEBUG org.apache.commons.configuration2.io.FileLocatorUtils - Loading configuration from the context classpath (configurations/SBX.Poly.most.discrete)
15:12:54,383 DEBUG org.apache.commons.configuration2.io.FileLocatorUtils - Loading configuration from the context classpath (configurations/SBX.Poly.most.discrete)
15:12:54,815 DEBUG org.apache.commons.configuration2.io.FileLocatorUtils - Loading configuration from the context classpath (configurations/SBX.Poly.most.discrete)
15:12:55,139 DEBUG org.apache.commons.configuration2.io.FileLocatorUtils - Loading configuration from the context classpath (configurations/SBX.Poly.most.discrete)
15:12:55,437 DEBUG org.apache.commons.configuration2.io.FileLocatorUtils - Loading configuration from the context classpath (configurations/SBX.Poly.most.discrete)
15:12:55,645 DEBUG org.apache.commons.configuration2.io.FileLocatorUtils - Loading configuration from the context classpath (configurations/SBX.Poly.most.discrete)
15:12:55,992 DEBUG org.apache.commons.configuration2.io.FileLocatorUtils - Loading configuration from the context classpath (configurations/SBX.Poly.most.discrete)
15:12:56,469 DEBUG org.apache.commons.configuration2.io.FileLocatorUtils - Loading configuration from the context classpath (configurations/SBX.Poly.most.discrete)
15:12:56,969 DEBUG org.apache.commons.configuration2.io.FileLocatorUtils - Loading configuration from the context classpath (configurations/SBX.Poly.most.discrete)
15:12:57,329 DEBUG org.apache.commons.configuration2.io.FileLocatorUtils - Loading configuration from the context classpath (configurations/SBX.Poly.most.discrete)
15:12:57,684 DEBUG org.apache.commons.configuration2.io.FileLocatorUtils - Loading configuration from the context classpath (configurations/SBX.Poly.most.discrete)
15:12:58,145 DEBUG org.apache.commons.configuration2.io.FileLocatorUtils - Loading configuration from the context classpath (configurations/SBX.Poly.most.discrete)
15:12:58,505 DEBUG org.apache.commons.configuration2.io.FileLocatorUtils - Loading configuration from the context classpath (configurations/SBX.Poly.most.discrete)
15:12:58,934 DEBUG org.apache.commons.configuration2.io.FileLocatorUtils - Loading configuration from the context classpath (configurations/SBX.Poly.most.discrete)
15:12:59,124 DEBUG org.apache.commons.configuration2.io.FileLocatorUtils - Loading configuration from the context classpath (configurations/SBX.Poly.most.discrete)
15:12:59,501 DEBUG org.apache.commons.configuration2.io.FileLocatorUtils - Loading configuration from the context classpath (configurations/SBX.Poly.most.discrete)
15:12:59,694 DEBUG org.apache.commons.configuration2.io.FileLocatorUtils - Loading configuration from the context classpath (configurations/SBX.Poly.most.discrete)
15:12:59,896 DEBUG org.apache.commons.configuration2.io.FileLocatorUtils - Loading configuration from the context classpath (configurations/SBX.Poly.most.discrete)
15:13:00,354 DEBUG org.apache.commons.configuration2.io.FileLocatorUtils - Loading configuration from the context classpath (configurations/SBX.Poly.most.discrete)
15:13:00,820 DEBUG org.apache.commons.configuration2.io.FileLocatorUtils - Loading configuration from the context classpath (configurations/SBX.Poly.most.discrete)
15:13:01,222 DEBUG org.apache.commons.configuration2.io.FileLocatorUtils - Loading configuration from the context classpath (configurations/SBX.Poly.most.discrete)
15:13:01,615 DEBUG org.apache.commons.configuration2.io.FileLocatorUtils - Loading configuration from the context classpath (configurations/SBX.Poly.most.discrete)
15:13:02,050 DEBUG org.apache.commons.configuration2.io.FileLocatorUtils - Loading configuration from the context classpath (configurations/SBX.Poly.most.discrete)
15:13:02,447 DEBUG org.apache.commons.configuration2.io.FileLocatorUtils - Loading configuration from the context classpath (configurations/SBX.Poly.most.discrete)
15:13:02,842 DEBUG org.apache.commons.configuration2.io.FileLocatorUtils - Loading configuration from the context classpath (configurations/SBX.Poly.most.discrete)
15:13:03,040 DEBUG org.apache.commons.configuration2.io.FileLocatorUtils - Loading configuration from the context classpath (configurations/SBX.Poly.most.discrete)
15:13:03,512 DEBUG org.apache.commons.configuration2.io.FileLocatorUtils - Loading configuration from the context classpath (configurations/SBX.Poly.most.discrete)
15:13:04,012 DEBUG org.apache.commons.configuration2.io.FileLocatorUtils - Loading configuration from the context classpath (configurations/SBX.Poly.most.discrete)
15:13:04,309 DEBUG org.apache.commons.configuration2.io.FileLocatorUtils - Loading configuration from the context classpath (configurations/SBX.Poly.most.discrete)
15:13:04,823 DEBUG org.apache.commons.configuration2.io.FileLocatorUtils - Loading configuration from the context classpath (configurations/SBX.Poly.most.discrete)
15:13:05,197 DEBUG org.apache.commons.configuration2.io.FileLocatorUtils - Loading configuration from the context classpath (configurations/SBX.Poly.most.discrete)
15:13:05,721 DEBUG org.apache.commons.configuration2.io.FileLocatorUtils - Loading configuration from the context classpath (configurations/SBX.Poly.most.discrete)
15:13:05,951 DEBUG org.apache.commons.configuration2.io.FileLocatorUtils - Loading configuration from the context classpath (configurations/SBX.Poly.most.discrete)
15:13:06,167 DEBUG org.apache.commons.configuration2.io.FileLocatorUtils - Loading configuration from the context classpath (configurations/SBX.Poly.most.discrete)
15:13:06,377 DEBUG org.apache.commons.configuration2.io.FileLocatorUtils - Loading configuration from the context classpath (configurations/SBX.Poly.most.discrete)
15:13:06,585 DEBUG org.apache.commons.configuration2.io.FileLocatorUtils - Loading configuration from the context classpath (configurations/SBX.Poly.most.discrete)
15:13:06,790 DEBUG org.apache.commons.configuration2.io.FileLocatorUtils - Loading configuration from the context classpath (configurations/SBX.Poly.most.discrete)
15:13:06,995 DEBUG org.apache.commons.configuration2.io.FileLocatorUtils - Loading configuration from the context classpath (configurations/SBX.Poly.most.discrete)
15:13:07,201 DEBUG org.apache.commons.configuration2.io.FileLocatorUtils - Loading configuration from the context classpath (configurations/SBX.Poly.most.discrete)
15:13:07,416 DEBUG org.apache.commons.configuration2.io.FileLocatorUtils - Loading configuration from the context classpath (configurations/SBX.Poly.most.discrete)
15:13:07,625 DEBUG org.apache.commons.configuration2.io.FileLocatorUtils - Loading configuration from the context classpath (configurations/SBX.Poly.most.discrete)
15:13:07,834 DEBUG org.apache.commons.configuration2.io.FileLocatorUtils - Loading configuration from the context classpath (configurations/SBX.Poly.most.discrete)
15:13:08,045 DEBUG org.apache.commons.configuration2.io.FileLocatorUtils - Loading configuration from the context classpath (configurations/SBX.Poly.most.discrete)
15:13:08,254 DEBUG org.apache.commons.configuration2.io.FileLocatorUtils - Loading configuration from the context classpath (configurations/SBX.Poly.most.discrete)
15:13:08,462 DEBUG org.apache.commons.configuration2.io.FileLocatorUtils - Loading configuration from the context classpath (configurations/SBX.Poly.most.discrete)
15:13:08,675 DEBUG org.apache.commons.configuration2.io.FileLocatorUtils - Loading configuration from the context classpath (configurations/SBX.Poly.most.discrete)
15:13:08,882 DEBUG org.apache.commons.configuration2.io.FileLocatorUtils - Loading configuration from the context classpath (configurations/SBX.Poly.most.discrete)
15:13:09,124 DEBUG org.apache.commons.configuration2.io.FileLocatorUtils - Loading configuration from the context classpath (configurations/SBX.Poly.most.discrete)
15:13:09,361 DEBUG org.apache.commons.configuration2.io.FileLocatorUtils - Loading configuration from the context classpath (configurations/SBX.Poly.most.discrete)
15:13:09,570 DEBUG org.apache.commons.configuration2.io.FileLocatorUtils - Loading configuration from the context classpath (configurations/SBX.Poly.most.discrete)
15:13:09,780 DEBUG org.apache.commons.configuration2.io.FileLocatorUtils - Loading configuration from the context classpath (configurations/SBX.Poly.most.discrete)
15:13:09,984 DEBUG org.apache.commons.configuration2.io.FileLocatorUtils - Loading configuration from the context classpath (configurations/SBX.Poly.most.discrete)
15:13:10,191 DEBUG org.apache.commons.configuration2.io.FileLocatorUtils - Loading configuration from the context classpath (configurations/SBX.Poly.most.discrete)
15:13:10,432 DEBUG org.apache.commons.configuration2.io.FileLocatorUtils - Loading configuration from the context classpath (configurations/SBX.Poly.most.discrete)
15:13:10,917 DEBUG org.apache.commons.configuration2.io.FileLocatorUtils - Loading configuration from the context classpath (configurations/SBX.Poly.most.discrete)
15:13:11,247 DEBUG org.apache.commons.configuration2.io.FileLocatorUtils - Loading configuration from the context classpath (configurations/SBX.Poly.most.discrete)
15:13:11,747 DEBUG org.apache.commons.configuration2.io.FileLocatorUtils - Loading configuration from the context classpath (configurations/SBX.Poly.most.discrete)
15:13:12,083 DEBUG org.apache.commons.configuration2.io.FileLocatorUtils - Loading configuration from the context classpath (configurations/SBX.Poly.most.discrete)
15:13:12,383 DEBUG org.apache.commons.configuration2.io.FileLocatorUtils - Loading configuration from the context classpath (configurations/SBX.Poly.most.discrete)
15:13:12,712 DEBUG org.apache.commons.configuration2.io.FileLocatorUtils - Loading configuration from the context classpath (configurations/SBX.Poly.most.discrete)
15:13:13,030 DEBUG org.apache.commons.configuration2.io.FileLocatorUtils - Loading configuration from the context classpath (configurations/SBX.Poly.most.discrete)
15:13:13,376 DEBUG org.apache.commons.configuration2.io.FileLocatorUtils - Loading configuration from the context classpath (configurations/SBX.Poly.most.discrete)
15:13:13,749 DEBUG org.apache.commons.configuration2.io.FileLocatorUtils - Loading configuration from the context classpath (configurations/SBX.Poly.most.discrete)
15:13:14,130 DEBUG org.apache.commons.configuration2.io.FileLocatorUtils - Loading configuration from the context classpath (configurations/SBX.Poly.most.discrete)
15:13:14,509 DEBUG org.apache.commons.configuration2.io.FileLocatorUtils - Loading configuration from the context classpath (configurations/SBX.Poly.most.discrete)
15:13:14,895 DEBUG org.apache.commons.configuration2.io.FileLocatorUtils - Loading configuration from the context classpath (configurations/SBX.Poly.most.discrete)
15:13:15,271 DEBUG org.apache.commons.configuration2.io.FileLocatorUtils - Loading configuration from the context classpath (configurations/SBX.Poly.most.discrete)
15:13:15,644 DEBUG org.apache.commons.configuration2.io.FileLocatorUtils - Loading configuration from the context classpath (configurations/SBX.Poly.most.discrete)
15:13:16,017 DEBUG org.apache.commons.configuration2.io.FileLocatorUtils - Loading configuration from the context classpath (configurations/SBX.Poly.most.discrete)
15:13:16,396 DEBUG org.apache.commons.configuration2.io.FileLocatorUtils - Loading configuration from the context classpath (configurations/SBX.Poly.most.discrete)
15:13:16,780 DEBUG org.apache.commons.configuration2.io.FileLocatorUtils - Loading configuration from the context classpath (configurations/SBX.Poly.most.discrete)
15:13:17,159 DEBUG org.apache.commons.configuration2.io.FileLocatorUtils - Loading configuration from the context classpath (configurations/SBX.Poly.most.discrete)
15:13:17,536 DEBUG org.apache.commons.configuration2.io.FileLocatorUtils - Loading configuration from the context classpath (configurations/SBX.Poly.most.discrete)
15:13:17,910 DEBUG org.apache.commons.configuration2.io.FileLocatorUtils - Loading configuration from the context classpath (configurations/SBX.Poly.most.discrete)
15:13:18,290 DEBUG org.apache.commons.configuration2.io.FileLocatorUtils - Loading configuration from the context classpath (configurations/SBX.Poly.most.discrete)
15:13:18,671 DEBUG org.apache.commons.configuration2.io.FileLocatorUtils - Loading configuration from the context classpath (configurations/SBX.Poly.most.discrete)
15:13:19,050 DEBUG org.apache.commons.configuration2.io.FileLocatorUtils - Loading configuration from the context classpath (configurations/SBX.Poly.most.discrete)
15:13:19,431 DEBUG org.apache.commons.configuration2.io.FileLocatorUtils - Loading configuration from the context classpath (configurations/SBX.Poly.most.discrete)
15:13:19,677 DEBUG org.apache.commons.configuration2.io.FileLocatorUtils - Loading configuration from the context classpath (configurations/SBX.Poly.most.discrete)
15:13:20,161 DEBUG org.apache.commons.configuration2.io.FileLocatorUtils - Loading configuration from the context classpath (configurations/SBX.Poly.most.discrete)
15:13:20,485 DEBUG org.apache.commons.configuration2.io.FileLocatorUtils - Loading configuration from the context classpath (configurations/SBX.Poly.most.discrete)
15:13:20,973 DEBUG org.apache.commons.configuration2.io.FileLocatorUtils - Loading configuration from the context classpath (configurations/SBX.Poly.most.discrete)
15:13:21,199 DEBUG org.apache.commons.configuration2.io.FileLocatorUtils - Loading configuration from the context classpath (configurations/SBX.Poly.most.discrete)
15:13:21,535 DEBUG org.apache.commons.configuration2.io.FileLocatorUtils - Loading configuration from the context classpath (configurations/SBX.Poly.most.discrete)
15:13:21,836 DEBUG org.apache.commons.configuration2.io.FileLocatorUtils - Loading configuration from the context classpath (configurations/SBX.Poly.most.discrete)
15:13:22,174 DEBUG org.apache.commons.configuration2.io.FileLocatorUtils - Loading configuration from the context classpath (configurations/SBX.Poly.most.discrete)
15:13:22,522 DEBUG org.apache.commons.configuration2.io.FileLocatorUtils - Loading configuration from the context classpath (configurations/SBX.Poly.most.discrete)
15:13:22,824 DEBUG org.apache.commons.configuration2.io.FileLocatorUtils - Loading configuration from the context classpath (configurations/SBX.Poly.most.discrete)
15:13:23,167 DEBUG org.apache.commons.configuration2.io.FileLocatorUtils - Loading configuration from the context classpath (configurations/SBX.Poly.most.discrete)
15:13:23,517 DEBUG org.apache.commons.configuration2.io.FileLocatorUtils - Loading configuration from the context classpath (configurations/SBX.Poly.most.discrete)
15:13:23,885 DEBUG org.apache.commons.configuration2.io.FileLocatorUtils - Loading configuration from the context classpath (configurations/SBX.Poly.most.discrete)
15:13:24,252 DEBUG org.apache.commons.configuration2.io.FileLocatorUtils - Loading configuration from the context classpath (configurations/SBX.Poly.most.discrete)
15:13:24,619 DEBUG org.apache.commons.configuration2.io.FileLocatorUtils - Loading configuration from the context classpath (configurations/SBX.Poly.most.discrete)
15:13:24,989 DEBUG org.apache.commons.configuration2.io.FileLocatorUtils - Loading configuration from the context classpath (configurations/SBX.Poly.most.discrete)
15:13:25,361 DEBUG org.apache.commons.configuration2.io.FileLocatorUtils - Loading configuration from the context classpath (configurations/SBX.Poly.most.discrete)
15:13:25,725 DEBUG org.apache.commons.configuration2.io.FileLocatorUtils - Loading configuration from the context classpath (configurations/SBX.Poly.most.discrete)
15:13:26,094 DEBUG org.apache.commons.configuration2.io.FileLocatorUtils - Loading configuration from the context classpath (configurations/SBX.Poly.most.discrete)
15:13:26,462 DEBUG org.apache.commons.configuration2.io.FileLocatorUtils - Loading configuration from the context classpath (configurations/SBX.Poly.most.discrete)
15:13:26,841 DEBUG org.apache.commons.configuration2.io.FileLocatorUtils - Loading configuration from the context classpath (configurations/SBX.Poly.most.discrete)
15:13:27,188 DEBUG org.apache.commons.configuration2.io.FileLocatorUtils - Loading configuration from the context classpath (configurations/SBX.Poly.most.discrete)
15:13:27,559 DEBUG org.apache.commons.configuration2.io.FileLocatorUtils - Loading configuration from the context classpath (configurations/SBX.Poly.most.discrete)
15:13:27,937 DEBUG org.apache.commons.configuration2.io.FileLocatorUtils - Loading configuration from the context classpath (configurations/SBX.Poly.most.discrete)
15:13:28,673 DEBUG org.apache.commons.configuration2.io.FileLocatorUtils - Loading configuration from the context classpath (configurations/SBX.Poly.most.discrete)
15:13:28,715 DEBUG org.apache.commons.configuration2.io.FileLocatorUtils - Loading configuration from the context classpath (configurations/SBX.Poly.most.discrete)
15:13:28,779 DEBUG org.apache.commons.configuration2.io.FileLocatorUtils - Loading configuration from the context classpath (configurations/SBX.Poly.most.discrete)
15:13:28,829 DEBUG org.apache.commons.configuration2.io.FileLocatorUtils - Loading configuration from the context classpath (configurations/SBX.Poly.most.discrete)
15:13:31,030 DEBUG org.apache.commons.configuration2.io.FileLocatorUtils - Loading configuration from the context classpath (configurations/SBX.Poly.most.discrete)
15:13:32,408 DEBUG org.apache.commons.configuration2.io.FileLocatorUtils - Loading configuration from the context classpath (configurations/SBX.Poly.most.discrete)
15:13:33,291 DEBUG org.apache.commons.configuration2.io.FileLocatorUtils - Loading configuration from the context classpath (configurations/SBX.Poly.most.discrete)
15:13:34,615 DEBUG org.apache.commons.configuration2.io.FileLocatorUtils - Loading configuration from the context classpath (configurations/SBX.Poly.most.discrete)
15:13:36,230 DEBUG org.apache.commons.configuration2.io.FileLocatorUtils - Loading configuration from the context classpath (configurations/SBX.Poly.most.discrete)
15:13:36,263 DEBUG org.apache.commons.configuration2.io.FileLocatorUtils - Loading configuration from the context classpath (configurations/SBX.Poly.most.discrete)
15:13:36,324 DEBUG org.apache.commons.configuration2.io.FileLocatorUtils - Loading configuration from the context classpath (configurations/SBX.Poly.most.discrete)
15:13:36,371 DEBUG org.apache.commons.configuration2.io.FileLocatorUtils - Loading configuration from the context classpath (configurations/SBX.Poly.most.discrete)
15:13:38,300 DEBUG org.apache.commons.configuration2.io.FileLocatorUtils - Loading configuration from the context classpath (configurations/SBX.Poly.most.discrete)
15:13:41,153 DEBUG org.apache.commons.configuration2.io.FileLocatorUtils - Loading configuration from the context classpath (configurations/SBX.Poly.most.discrete)
15:13:42,329 DEBUG org.apache.commons.configuration2.io.FileLocatorUtils - Loading configuration from the context classpath (configurations/SBX.Poly.most.discrete)
15:13:44,414 DEBUG org.apache.commons.configuration2.io.FileLocatorUtils - Loading configuration from the context classpath (configurations/SBX.Poly.most.discrete)
15:13:45,107 DEBUG org.apache.commons.configuration2.io.FileLocatorUtils - Loading configuration from the context classpath (configurations/SBX.Poly.most.discrete)
15:13:45,139 DEBUG org.apache.commons.configuration2.io.FileLocatorUtils - Loading configuration from the context classpath (configurations/SBX.Poly.most.discrete)
15:13:45,198 DEBUG org.apache.commons.configuration2.io.FileLocatorUtils - Loading configuration from the context classpath (configurations/SBX.Poly.most.discrete)
15:13:45,246 DEBUG org.apache.commons.configuration2.io.FileLocatorUtils - Loading configuration from the context classpath (configurations/SBX.Poly.most.discrete)
15:13:47,220 DEBUG org.apache.commons.configuration2.io.FileLocatorUtils - Loading configuration from the context classpath (configurations/SBX.Poly.most.discrete)
15:13:49,342 DEBUG org.apache.commons.configuration2.io.FileLocatorUtils - Loading configuration from the context classpath (configurations/SBX.Poly.most.discrete)
15:13:50,214 DEBUG org.apache.commons.configuration2.io.FileLocatorUtils - Loading configuration from the context classpath (configurations/SBX.Poly.most.discrete)
15:13:52,369 DEBUG org.apache.commons.configuration2.io.FileLocatorUtils - Loading configuration from the context classpath (configurations/SBX.Poly.most.discrete)
15:13:53,383 DEBUG org.apache.commons.configuration2.io.FileLocatorUtils - Loading configuration from the context classpath (configurations/SBX.Poly.most.discrete)
15:13:53,425 DEBUG org.apache.commons.configuration2.io.FileLocatorUtils - Loading configuration from the context classpath (configurations/SBX.Poly.most.discrete)
15:13:53,497 DEBUG org.apache.commons.configuration2.io.FileLocatorUtils - Loading configuration from the context classpath (configurations/SBX.Poly.most.discrete)
15:13:53,567 DEBUG org.apache.commons.configuration2.io.FileLocatorUtils - Loading configuration from the context classpath (configurations/SBX.Poly.most.discrete)
15:13:55,529 DEBUG org.apache.commons.configuration2.io.FileLocatorUtils - Loading configuration from the context classpath (configurations/SBX.Poly.most.discrete)
15:13:58,245 DEBUG org.apache.commons.configuration2.io.FileLocatorUtils - Loading configuration from the context classpath (configurations/SBX.Poly.most.discrete)
15:13:58,755 DEBUG org.apache.commons.configuration2.io.FileLocatorUtils - Loading configuration from the context classpath (configurations/SBX.Poly.most.discrete)
15:14:00,946 DEBUG org.apache.commons.configuration2.io.FileLocatorUtils - Loading configuration from the context classpath (configurations/SBX.Poly.most.discrete)
15:14:01,623 DEBUG org.apache.commons.configuration2.io.FileLocatorUtils - Loading configuration from the context classpath (configurations/SBX.Poly.most.discrete)
15:14:01,655 DEBUG org.apache.commons.configuration2.io.FileLocatorUtils - Loading configuration from the context classpath (configurations/SBX.Poly.most.discrete)
15:14:01,715 DEBUG org.apache.commons.configuration2.io.FileLocatorUtils - Loading configuration from the context classpath (configurations/SBX.Poly.most.discrete)
15:14:01,763 DEBUG org.apache.commons.configuration2.io.FileLocatorUtils - Loading configuration from the context classpath (configurations/SBX.Poly.most.discrete)
15:14:03,194 DEBUG org.apache.commons.configuration2.io.FileLocatorUtils - Loading configuration from the context classpath (configurations/SBX.Poly.most.discrete)
15:14:05,366 DEBUG org.apache.commons.configuration2.io.FileLocatorUtils - Loading configuration from the context classpath (configurations/SBX.Poly.most.discrete)
15:14:06,297 DEBUG org.apache.commons.configuration2.io.FileLocatorUtils - Loading configuration from the context classpath (configurations/SBX.Poly.most.discrete)
15:14:06,796 DEBUG org.apache.commons.configuration2.io.FileLocatorUtils - Loading configuration from the context classpath (configurations/SBX.Poly.most.discrete)
15:14:07,881 DEBUG org.apache.commons.configuration2.io.FileLocatorUtils - Loading configuration from the context classpath (configurations/SBX.Poly.most.discrete)
15:14:09,594 DEBUG org.apache.commons.configuration2.io.FileLocatorUtils - Loading configuration from the context classpath (configurations/SBX.Poly.most.discrete)
15:14:09,626 DEBUG org.apache.commons.configuration2.io.FileLocatorUtils - Loading configuration from the context classpath (configurations/SBX.Poly.most.discrete)
15:14:09,684 DEBUG org.apache.commons.configuration2.io.FileLocatorUtils - Loading configuration from the context classpath (configurations/SBX.Poly.most.discrete)
15:14:09,729 DEBUG org.apache.commons.configuration2.io.FileLocatorUtils - Loading configuration from the context classpath (configurations/SBX.Poly.most.discrete)
15:14:12,593 DEBUG org.apache.commons.configuration2.io.FileLocatorUtils - Loading configuration from the context classpath (configurations/SBX.Poly.most.discrete)
15:14:15,388 DEBUG org.apache.commons.configuration2.io.FileLocatorUtils - Loading configuration from the context classpath (configurations/SBX.Poly.most.discrete)
15:14:15,924 DEBUG org.apache.commons.configuration2.io.FileLocatorUtils - Loading configuration from the context classpath (configurations/SBX.Poly.most.discrete)
15:14:16,452 DEBUG org.apache.commons.configuration2.io.FileLocatorUtils - Loading configuration from the context classpath (configurations/SBX.Poly.most.discrete)
15:14:18,683 DEBUG org.apache.commons.configuration2.io.FileLocatorUtils - Loading configuration from the context classpath (configurations/SBX.Poly.most.discrete)
15:14:19,429 DEBUG org.apache.commons.configuration2.io.FileLocatorUtils - Loading configuration from the context classpath (configurations/SBX.Poly.most.discrete)
15:14:19,475 DEBUG org.apache.commons.configuration2.io.FileLocatorUtils - Loading configuration from the context classpath (configurations/SBX.Poly.most.discrete)
15:14:19,535 DEBUG org.apache.commons.configuration2.io.FileLocatorUtils - Loading configuration from the context classpath (configurations/SBX.Poly.most.discrete)
15:14:19,581 DEBUG org.apache.commons.configuration2.io.FileLocatorUtils - Loading configuration from the context classpath (configurations/SBX.Poly.most.discrete)
15:14:22,598 DEBUG org.apache.commons.configuration2.io.FileLocatorUtils - Loading configuration from the context classpath (configurations/SBX.Poly.most.discrete)
15:14:23,852 DEBUG org.apache.commons.configuration2.io.FileLocatorUtils - Loading configuration from the context classpath (configurations/SBX.Poly.most.discrete)
15:14:24,984 DEBUG org.apache.commons.configuration2.io.FileLocatorUtils - Loading configuration from the context classpath (configurations/SBX.Poly.most.discrete)
15:14:25,924 DEBUG org.apache.commons.configuration2.io.FileLocatorUtils - Loading configuration from the context classpath (configurations/SBX.Poly.most.discrete)
15:14:26,418 DEBUG org.apache.commons.configuration2.io.FileLocatorUtils - Loading configuration from the context classpath (configurations/SBX.Poly.most.discrete)
15:14:26,917 DEBUG org.apache.commons.configuration2.io.FileLocatorUtils - Loading configuration from the context classpath (configurations/SBX.Poly.most.discrete)
15:14:27,859 DEBUG org.apache.commons.configuration2.io.FileLocatorUtils - Loading configuration from the context classpath (configurations/SBX.Poly.most.discrete)
15:14:27,892 DEBUG org.apache.commons.configuration2.io.FileLocatorUtils - Loading configuration from the context classpath (configurations/SBX.Poly.most.discrete)
15:14:27,946 DEBUG org.apache.commons.configuration2.io.FileLocatorUtils - Loading configuration from the context classpath (configurations/SBX.Poly.most.discrete)
15:14:27,989 DEBUG org.apache.commons.configuration2.io.FileLocatorUtils - Loading configuration from the context classpath (configurations/SBX.Poly.most.discrete)
15:14:29,346 DEBUG org.apache.commons.configuration2.io.FileLocatorUtils - Loading configuration from the context classpath (configurations/SBX.Poly.most.discrete)
15:14:31,687 DEBUG org.apache.commons.configuration2.io.FileLocatorUtils - Loading configuration from the context classpath (configurations/SBX.Poly.most.discrete)
15:14:32,617 DEBUG org.apache.commons.configuration2.io.FileLocatorUtils - Loading configuration from the context classpath (configurations/SBX.Poly.most.discrete)
15:14:33,124 DEBUG org.apache.commons.configuration2.io.FileLocatorUtils - Loading configuration from the context classpath (configurations/SBX.Poly.most.discrete)
15:14:34,078 DEBUG org.apache.commons.configuration2.io.FileLocatorUtils - Loading configuration from the context classpath (configurations/SBX.Poly.most.discrete)
15:14:35,829 DEBUG org.apache.commons.configuration2.io.FileLocatorUtils - Loading configuration from the context classpath (configurations/SBX.Poly.most.discrete)
15:14:35,861 DEBUG org.apache.commons.configuration2.io.FileLocatorUtils - Loading configuration from the context classpath (configurations/SBX.Poly.most.discrete)
15:14:35,923 DEBUG org.apache.commons.configuration2.io.FileLocatorUtils - Loading configuration from the context classpath (configurations/SBX.Poly.most.discrete)
15:14:35,972 DEBUG org.apache.commons.configuration2.io.FileLocatorUtils - Loading configuration from the context classpath (configurations/SBX.Poly.most.discrete)
15:14:38,829 DEBUG org.apache.commons.configuration2.io.FileLocatorUtils - Loading configuration from the context classpath (configurations/SBX.Poly.most.discrete)
15:14:40,091 DEBUG org.apache.commons.configuration2.io.FileLocatorUtils - Loading configuration from the context classpath (configurations/SBX.Poly.most.discrete)
15:14:41,228 DEBUG org.apache.commons.configuration2.io.FileLocatorUtils - Loading configuration from the context classpath (configurations/SBX.Poly.most.discrete)
15:14:42,504 DEBUG org.apache.commons.configuration2.io.FileLocatorUtils - Loading configuration from the context classpath (configurations/SBX.Poly.most.discrete)
15:15:23,576 DEBUG org.apache.commons.configuration2.io.FileLocatorUtils - Loading configuration from the context classpath (configurations/NSGAII.default)
15:15:23,577 DEBUG org.apache.commons.configuration2.io.FileLocatorUtils - Loading configuration from the context classpath (configurations/SPEA2.default)
15:15:23,578 DEBUG org.apache.commons.configuration2.io.FileLocatorUtils - Loading configuration from the context classpath (configurations/IBEA.default)
15:15:23,578 DEBUG org.apache.commons.configuration2.io.FileLocatorUtils - Loading configuration from the context classpath (configurations/SBX.Poly.most.discrete)
15:15:23,579 DEBUG org.apache.commons.configuration2.io.FileLocatorUtils - Loading configuration from the context classpath (configurations/DE.Poly.default)
15:15:24,552 DEBUG org.apache.commons.configuration2.io.FileLocatorUtils - Loading configuration from the context classpath (configurations/NSGAII.default)
15:15:24,552 DEBUG org.apache.commons.configuration2.io.FileLocatorUtils - Loading configuration from the context classpath (configurations/SPEA2.default)
15:15:24,553 DEBUG org.apache.commons.configuration2.io.FileLocatorUtils - Loading configuration from the context classpath (configurations/IBEA.default)
15:15:24,554 DEBUG org.apache.commons.configuration2.io.FileLocatorUtils - Loading configuration from the context classpath (configurations/SBX.Poly.most.discrete)
15:15:24,554 DEBUG org.apache.commons.configuration2.io.FileLocatorUtils - Loading configuration from the context classpath (configurations/DE.Poly.default)
15:15:30,799 DEBUG org.apache.commons.configuration2.io.FileLocatorUtils - Loading configuration from the context classpath (configurations/NSGAII.default)
15:15:30,799 DEBUG org.apache.commons.configuration2.io.FileLocatorUtils - Loading configuration from the context classpath (configurations/SPEA2.default)
15:15:30,800 DEBUG org.apache.commons.configuration2.io.FileLocatorUtils - Loading configuration from the context classpath (configurations/IBEA.default)
15:15:30,801 DEBUG org.apache.commons.configuration2.io.FileLocatorUtils - Loading configuration from the context classpath (configurations/SBX.Poly.most.discrete)
15:15:30,801 DEBUG org.apache.commons.configuration2.io.FileLocatorUtils - Loading configuration from the context classpath (configurations/DE.Poly.default)
15:15:33,961 DEBUG org.apache.commons.configuration2.io.FileLocatorUtils - Loading configuration from the context classpath (configurations/NSGAII.default)
15:15:33,961 DEBUG org.apache.commons.configuration2.io.FileLocatorUtils - Loading configuration from the context classpath (configurations/SPEA2.default)
15:15:33,962 DEBUG org.apache.commons.configuration2.io.FileLocatorUtils - Loading configuration from the context classpath (configurations/IBEA.default)
15:15:33,962 DEBUG org.apache.commons.configuration2.io.FileLocatorUtils - Loading configuration from the context classpath (configurations/SBX.Poly.most.discrete)
15:15:33,963 DEBUG org.apache.commons.configuration2.io.FileLocatorUtils - Loading configuration from the context classpath (configurations/DE.Poly.default)
15:16:05,059 DEBUG org.apache.commons.configuration2.io.FileLocatorUtils - Loading configuration from the context classpath (configurations/NSGAII.default)
15:16:05,060 DEBUG org.apache.commons.configuration2.io.FileLocatorUtils - Loading configuration from the context classpath (configurations/SPEA2.default)
15:16:05,060 DEBUG org.apache.commons.configuration2.io.FileLocatorUtils - Loading configuration from the context classpath (configurations/IBEA.default)
15:16:05,061 DEBUG org.apache.commons.configuration2.io.FileLocatorUtils - Loading configuration from the context classpath (configurations/SBX.Poly.most.discrete)
15:16:05,061 DEBUG org.apache.commons.configuration2.io.FileLocatorUtils - Loading configuration from the context classpath (configurations/DE.Poly.default)
15:16:06,219 DEBUG org.apache.commons.configuration2.io.FileLocatorUtils - Loading configuration from the context classpath (configurations/NSGAII.default)
15:16:06,219 DEBUG org.apache.commons.configuration2.io.FileLocatorUtils - Loading configuration from the context classpath (configurations/SPEA2.default)
15:16:06,220 DEBUG org.apache.commons.configuration2.io.FileLocatorUtils - Loading configuration from the context classpath (configurations/IBEA.default)
15:16:06,220 DEBUG org.apache.commons.configuration2.io.FileLocatorUtils - Loading configuration from the context classpath (configurations/SBX.Poly.most.discrete)
15:16:06,220 DEBUG org.apache.commons.configuration2.io.FileLocatorUtils - Loading configuration from the context classpath (configurations/DE.Poly.default)
15:16:14,482 DEBUG org.apache.commons.configuration2.io.FileLocatorUtils - Loading configuration from the context classpath (configurations/NSGAII.default)
15:16:14,483 DEBUG org.apache.commons.configuration2.io.FileLocatorUtils - Loading configuration from the context classpath (configurations/SPEA2.default)
15:16:14,483 DEBUG org.apache.commons.configuration2.io.FileLocatorUtils - Loading configuration from the context classpath (configurations/IBEA.default)
15:16:14,483 DEBUG org.apache.commons.configuration2.io.FileLocatorUtils - Loading configuration from the context classpath (configurations/SBX.Poly.most.discrete)
15:16:14,484 DEBUG org.apache.commons.configuration2.io.FileLocatorUtils - Loading configuration from the context classpath (configurations/DE.Poly.default)
15:16:15,413 DEBUG org.apache.commons.configuration2.io.FileLocatorUtils - Loading configuration from the context classpath (configurations/NSGAII.default)
15:16:15,413 DEBUG org.apache.commons.configuration2.io.FileLocatorUtils - Loading configuration from the context classpath (configurations/SPEA2.default)
15:16:15,414 DEBUG org.apache.commons.configuration2.io.FileLocatorUtils - Loading configuration from the context classpath (configurations/IBEA.default)
15:16:15,414 DEBUG org.apache.commons.configuration2.io.FileLocatorUtils - Loading configuration from the context classpath (configurations/SBX.Poly.most.discrete)
15:16:15,414 DEBUG org.apache.commons.configuration2.io.FileLocatorUtils - Loading configuration from the context classpath (configurations/DE.Poly.default)
15:16:21,737 DEBUG org.apache.commons.configuration2.io.FileLocatorUtils - Loading configuration from the context classpath (configurations/NSGAII.default)
15:16:21,738 DEBUG org.apache.commons.configuration2.io.FileLocatorUtils - Loading configuration from the context classpath (configurations/SPEA2.default)
15:16:21,738 DEBUG org.apache.commons.configuration2.io.FileLocatorUtils - Loading configuration from the context classpath (configurations/IBEA.default)
15:16:21,739 DEBUG org.apache.commons.configuration2.io.FileLocatorUtils - Loading configuration from the context classpath (configurations/SBX.Poly.most.discrete)
15:16:21,739 DEBUG org.apache.commons.configuration2.io.FileLocatorUtils - Loading configuration from the context classpath (configurations/DE.Poly.default)
15:16:22,850 DEBUG org.apache.commons.configuration2.io.FileLocatorUtils - Loading configuration from the context classpath (configurations/NSGAII.default)
15:16:22,850 DEBUG org.apache.commons.configuration2.io.FileLocatorUtils - Loading configuration from the context classpath (configurations/SPEA2.default)
15:16:22,851 DEBUG org.apache.commons.configuration2.io.FileLocatorUtils - Loading configuration from the context classpath (configurations/IBEA.default)
15:16:22,851 DEBUG org.apache.commons.configuration2.io.FileLocatorUtils - Loading configuration from the context classpath (configurations/SBX.Poly.most.discrete)
15:16:22,852 DEBUG org.apache.commons.configuration2.io.FileLocatorUtils - Loading configuration from the context classpath (configurations/DE.Poly.default)
15:17:08,890 DEBUG org.apache.commons.configuration2.io.FileLocatorUtils - Loading configuration from the context classpath (configurations/NSGAII.default)
15:17:08,890 DEBUG org.apache.commons.configuration2.io.FileLocatorUtils - Loading configuration from the context classpath (configurations/SPEA2.default)
15:17:08,891 DEBUG org.apache.commons.configuration2.io.FileLocatorUtils - Loading configuration from the context classpath (configurations/IBEA.default)
15:17:08,891 DEBUG org.apache.commons.configuration2.io.FileLocatorUtils - Loading configuration from the context classpath (configurations/SBX.Poly.most.discrete)
15:17:08,892 DEBUG org.apache.commons.configuration2.io.FileLocatorUtils - Loading configuration from the context classpath (configurations/DE.Poly.default)
15:17:09,855 DEBUG org.apache.commons.configuration2.io.FileLocatorUtils - Loading configuration from the context classpath (configurations/NSGAII.default)
15:17:09,856 DEBUG org.apache.commons.configuration2.io.FileLocatorUtils - Loading configuration from the context classpath (configurations/SPEA2.default)
15:17:09,856 DEBUG org.apache.commons.configuration2.io.FileLocatorUtils - Loading configuration from the context classpath (configurations/IBEA.default)
15:17:09,857 DEBUG org.apache.commons.configuration2.io.FileLocatorUtils - Loading configuration from the context classpath (configurations/SBX.Poly.most.discrete)
15:17:09,857 DEBUG org.apache.commons.configuration2.io.FileLocatorUtils - Loading configuration from the context classpath (configurations/DE.Poly.default)
15:17:15,888 DEBUG org.apache.commons.configuration2.io.FileLocatorUtils - Loading configuration from the context classpath (configurations/NSGAII.default)
15:17:15,888 DEBUG org.apache.commons.configuration2.io.FileLocatorUtils - Loading configuration from the context classpath (configurations/SPEA2.default)
15:17:15,889 DEBUG org.apache.commons.configuration2.io.FileLocatorUtils - Loading configuration from the context classpath (configurations/IBEA.default)
15:17:15,889 DEBUG org.apache.commons.configuration2.io.FileLocatorUtils - Loading configuration from the context classpath (configurations/SBX.Poly.most.discrete)
15:17:15,889 DEBUG org.apache.commons.configuration2.io.FileLocatorUtils - Loading configuration from the context classpath (configurations/DE.Poly.default)
15:17:19,016 DEBUG org.apache.commons.configuration2.io.FileLocatorUtils - Loading configuration from the context classpath (configurations/NSGAII.default)
15:17:19,016 DEBUG org.apache.commons.configuration2.io.FileLocatorUtils - Loading configuration from the context classpath (configurations/SPEA2.default)
15:17:19,017 DEBUG org.apache.commons.configuration2.io.FileLocatorUtils - Loading configuration from the context classpath (configurations/IBEA.default)
15:17:19,017 DEBUG org.apache.commons.configuration2.io.FileLocatorUtils - Loading configuration from the context classpath (configurations/SBX.Poly.most.discrete)
15:17:19,018 DEBUG org.apache.commons.configuration2.io.FileLocatorUtils - Loading configuration from the context classpath (configurations/DE.Poly.default)
15:17:47,481 DEBUG org.apache.commons.configuration2.io.FileLocatorUtils - Loading configuration from the context classpath (configurations/NSGAII.default)
15:17:47,482 DEBUG org.apache.commons.configuration2.io.FileLocatorUtils - Loading configuration from the context classpath (configurations/SPEA2.default)
15:17:47,482 DEBUG org.apache.commons.configuration2.io.FileLocatorUtils - Loading configuration from the context classpath (configurations/IBEA.default)
15:17:47,483 DEBUG org.apache.commons.configuration2.io.FileLocatorUtils - Loading configuration from the context classpath (configurations/SBX.Poly.most.discrete)
15:17:47,483 DEBUG org.apache.commons.configuration2.io.FileLocatorUtils - Loading configuration from the context classpath (configurations/DE.Poly.default)
15:17:48,573 DEBUG org.apache.commons.configuration2.io.FileLocatorUtils - Loading configuration from the context classpath (configurations/NSGAII.default)
15:17:48,573 DEBUG org.apache.commons.configuration2.io.FileLocatorUtils - Loading configuration from the context classpath (configurations/SPEA2.default)
15:17:48,574 DEBUG org.apache.commons.configuration2.io.FileLocatorUtils - Loading configuration from the context classpath (configurations/IBEA.default)
15:17:48,574 DEBUG org.apache.commons.configuration2.io.FileLocatorUtils - Loading configuration from the context classpath (configurations/SBX.Poly.most.discrete)
15:17:48,574 DEBUG org.apache.commons.configuration2.io.FileLocatorUtils - Loading configuration from the context classpath (configurations/DE.Poly.default)
15:17:57,009 DEBUG org.apache.commons.configuration2.io.FileLocatorUtils - Loading configuration from the context classpath (configurations/NSGAII.default)
15:17:57,009 DEBUG org.apache.commons.configuration2.io.FileLocatorUtils - Loading configuration from the context classpath (configurations/SPEA2.default)
15:17:57,010 DEBUG org.apache.commons.configuration2.io.FileLocatorUtils - Loading configuration from the context classpath (configurations/IBEA.default)
15:17:57,010 DEBUG org.apache.commons.configuration2.io.FileLocatorUtils - Loading configuration from the context classpath (configurations/SBX.Poly.most.discrete)
15:17:57,011 DEBUG org.apache.commons.configuration2.io.FileLocatorUtils - Loading configuration from the context classpath (configurations/DE.Poly.default)
15:17:57,933 DEBUG org.apache.commons.configuration2.io.FileLocatorUtils - Loading configuration from the context classpath (configurations/NSGAII.default)
15:17:57,934 DEBUG org.apache.commons.configuration2.io.FileLocatorUtils - Loading configuration from the context classpath (configurations/SPEA2.default)
15:17:57,934 DEBUG org.apache.commons.configuration2.io.FileLocatorUtils - Loading configuration from the context classpath (configurations/IBEA.default)
15:17:57,934 DEBUG org.apache.commons.configuration2.io.FileLocatorUtils - Loading configuration from the context classpath (configurations/SBX.Poly.most.discrete)
15:17:57,935 DEBUG org.apache.commons.configuration2.io.FileLocatorUtils - Loading configuration from the context classpath (configurations/DE.Poly.default)
15:18:07,757 DEBUG org.apache.commons.configuration2.io.FileLocatorUtils - Loading configuration from the context classpath (configurations/NSGAII.default)
15:18:07,758 DEBUG org.apache.commons.configuration2.io.FileLocatorUtils - Loading configuration from the context classpath (configurations/SPEA2.default)
15:18:07,758 DEBUG org.apache.commons.configuration2.io.FileLocatorUtils - Loading configuration from the context classpath (configurations/IBEA.default)
15:18:07,759 DEBUG org.apache.commons.configuration2.io.FileLocatorUtils - Loading configuration from the context classpath (configurations/SBX.Poly.most.discrete)
15:18:07,759 DEBUG org.apache.commons.configuration2.io.FileLocatorUtils - Loading configuration from the context classpath (configurations/DE.Poly.default)
15:18:08,880 DEBUG org.apache.commons.configuration2.io.FileLocatorUtils - Loading configuration from the context classpath (configurations/NSGAII.default)
15:18:08,880 DEBUG org.apache.commons.configuration2.io.FileLocatorUtils - Loading configuration from the context classpath (configurations/SPEA2.default)
15:18:08,881 DEBUG org.apache.commons.configuration2.io.FileLocatorUtils - Loading configuration from the context classpath (configurations/IBEA.default)
15:18:08,881 DEBUG org.apache.commons.configuration2.io.FileLocatorUtils - Loading configuration from the context classpath (configurations/SBX.Poly.most.discrete)
15:18:08,882 DEBUG org.apache.commons.configuration2.io.FileLocatorUtils - Loading configuration from the context classpath (configurations/DE.Poly.default)
15:18:53,280 DEBUG org.apache.commons.configuration2.io.FileLocatorUtils - Loading configuration from the context classpath (configurations/NSGAII.default)
15:18:53,281 DEBUG org.apache.commons.configuration2.io.FileLocatorUtils - Loading configuration from the context classpath (configurations/SPEA2.default)
15:18:53,281 DEBUG org.apache.commons.configuration2.io.FileLocatorUtils - Loading configuration from the context classpath (configurations/IBEA.default)
15:18:53,282 DEBUG org.apache.commons.configuration2.io.FileLocatorUtils - Loading configuration from the context classpath (configurations/SBX.Poly.most.discrete)
15:18:53,282 DEBUG org.apache.commons.configuration2.io.FileLocatorUtils - Loading configuration from the context classpath (configurations/DE.Poly.default)
15:18:54,149 DEBUG org.apache.commons.configuration2.io.FileLocatorUtils - Loading configuration from the context classpath (configurations/NSGAII.default)
15:18:54,150 DEBUG org.apache.commons.configuration2.io.FileLocatorUtils - Loading configuration from the context classpath (configurations/SPEA2.default)
15:18:54,150 DEBUG org.apache.commons.configuration2.io.FileLocatorUtils - Loading configuration from the context classpath (configurations/IBEA.default)
15:18:54,151 DEBUG org.apache.commons.configuration2.io.FileLocatorUtils - Loading configuration from the context classpath (configurations/SBX.Poly.most.discrete)
15:18:54,151 DEBUG org.apache.commons.configuration2.io.FileLocatorUtils - Loading configuration from the context classpath (configurations/DE.Poly.default)
15:19:01,393 DEBUG org.apache.commons.configuration2.io.FileLocatorUtils - Loading configuration from the context classpath (configurations/NSGAII.default)
15:19:01,393 DEBUG org.apache.commons.configuration2.io.FileLocatorUtils - Loading configuration from the context classpath (configurations/SPEA2.default)
15:19:01,394 DEBUG org.apache.commons.configuration2.io.FileLocatorUtils - Loading configuration from the context classpath (configurations/IBEA.default)
15:19:01,395 DEBUG org.apache.commons.configuration2.io.FileLocatorUtils - Loading configuration from the context classpath (configurations/SBX.Poly.most.discrete)
15:19:01,395 DEBUG org.apache.commons.configuration2.io.FileLocatorUtils - Loading configuration from the context classpath (configurations/DE.Poly.default)
15:19:04,559 DEBUG org.apache.commons.configuration2.io.FileLocatorUtils - Loading configuration from the context classpath (configurations/NSGAII.default)
15:19:04,560 DEBUG org.apache.commons.configuration2.io.FileLocatorUtils - Loading configuration from the context classpath (configurations/SPEA2.default)
15:19:04,560 DEBUG org.apache.commons.configuration2.io.FileLocatorUtils - Loading configuration from the context classpath (configurations/IBEA.default)
15:19:04,561 DEBUG org.apache.commons.configuration2.io.FileLocatorUtils - Loading configuration from the context classpath (configurations/SBX.Poly.most.discrete)
15:19:04,562 DEBUG org.apache.commons.configuration2.io.FileLocatorUtils - Loading configuration from the context classpath (configurations/DE.Poly.default)
15:19:33,132 DEBUG org.apache.commons.configuration2.io.FileLocatorUtils - Loading configuration from the context classpath (configurations/NSGAII.default)
15:19:33,133 DEBUG org.apache.commons.configuration2.io.FileLocatorUtils - Loading configuration from the context classpath (configurations/SPEA2.default)
15:19:33,133 DEBUG org.apache.commons.configuration2.io.FileLocatorUtils - Loading configuration from the context classpath (configurations/IBEA.default)
15:19:33,134 DEBUG org.apache.commons.configuration2.io.FileLocatorUtils - Loading configuration from the context classpath (configurations/SBX.Poly.most.discrete)
15:19:33,134 DEBUG org.apache.commons.configuration2.io.FileLocatorUtils - Loading configuration from the context classpath (configurations/DE.Poly.default)
15:19:34,232 DEBUG org.apache.commons.configuration2.io.FileLocatorUtils - Loading configuration from the context classpath (configurations/NSGAII.default)
15:19:34,233 DEBUG org.apache.commons.configuration2.io.FileLocatorUtils - Loading configuration from the context classpath (configurations/SPEA2.default)
15:19:34,233 DEBUG org.apache.commons.configuration2.io.FileLocatorUtils - Loading configuration from the context classpath (configurations/IBEA.default)
15:19:34,233 DEBUG org.apache.commons.configuration2.io.FileLocatorUtils - Loading configuration from the context classpath (configurations/SBX.Poly.most.discrete)
15:19:34,234 DEBUG org.apache.commons.configuration2.io.FileLocatorUtils - Loading configuration from the context classpath (configurations/DE.Poly.default)
15:19:42,891 DEBUG org.apache.commons.configuration2.io.FileLocatorUtils - Loading configuration from the context classpath (configurations/NSGAII.default)
15:19:42,892 DEBUG org.apache.commons.configuration2.io.FileLocatorUtils - Loading configuration from the context classpath (configurations/SPEA2.default)
15:19:42,892 DEBUG org.apache.commons.configuration2.io.FileLocatorUtils - Loading configuration from the context classpath (configurations/IBEA.default)
15:19:42,893 DEBUG org.apache.commons.configuration2.io.FileLocatorUtils - Loading configuration from the context classpath (configurations/SBX.Poly.most.discrete)
15:19:42,893 DEBUG org.apache.commons.configuration2.io.FileLocatorUtils - Loading configuration from the context classpath (configurations/DE.Poly.default)
15:19:43,825 DEBUG org.apache.commons.configuration2.io.FileLocatorUtils - Loading configuration from the context classpath (configurations/NSGAII.default)
15:19:43,826 DEBUG org.apache.commons.configuration2.io.FileLocatorUtils - Loading configuration from the context classpath (configurations/SPEA2.default)
15:19:43,826 DEBUG org.apache.commons.configuration2.io.FileLocatorUtils - Loading configuration from the context classpath (configurations/IBEA.default)
15:19:43,827 DEBUG org.apache.commons.configuration2.io.FileLocatorUtils - Loading configuration from the context classpath (configurations/SBX.Poly.most.discrete)
15:19:43,827 DEBUG org.apache.commons.configuration2.io.FileLocatorUtils - Loading configuration from the context classpath (configurations/DE.Poly.default)
15:19:50,570 DEBUG org.apache.commons.configuration2.io.FileLocatorUtils - Loading configuration from the context classpath (configurations/NSGAII.default)
15:19:50,571 DEBUG org.apache.commons.configuration2.io.FileLocatorUtils - Loading configuration from the context classpath (configurations/SPEA2.default)
15:19:50,571 DEBUG org.apache.commons.configuration2.io.FileLocatorUtils - Loading configuration from the context classpath (configurations/IBEA.default)
15:19:50,572 DEBUG org.apache.commons.configuration2.io.FileLocatorUtils - Loading configuration from the context classpath (configurations/SBX.Poly.most.discrete)
15:19:50,572 DEBUG org.apache.commons.configuration2.io.FileLocatorUtils - Loading configuration from the context classpath (configurations/DE.Poly.default)
15:19:51,662 DEBUG org.apache.commons.configuration2.io.FileLocatorUtils - Loading configuration from the context classpath (configurations/NSGAII.default)
15:19:51,662 DEBUG org.apache.commons.configuration2.io.FileLocatorUtils - Loading configuration from the context classpath (configurations/SPEA2.default)
15:19:51,663 DEBUG org.apache.commons.configuration2.io.FileLocatorUtils - Loading configuration from the context classpath (configurations/IBEA.default)
15:19:51,663 DEBUG org.apache.commons.configuration2.io.FileLocatorUtils - Loading configuration from the context classpath (configurations/SBX.Poly.most.discrete)
15:19:51,664 DEBUG org.apache.commons.configuration2.io.FileLocatorUtils - Loading configuration from the context classpath (configurations/DE.Poly.default)
